[2019-02-14T13:45:06.822] [ERROR] api - { owner: 'tony.santi',
  sid:
   'scheduler_dG9ueS5zYW50aQ_VEEtZGV2ZWxvcGVy__RMD58bd5d5548f304738_at_1550173500_49360_1602E6BF-15B0-4DB0-9228-4B19292C9C13',
  results_link:
   'https://kcdc-so-search2.vuhl.root.mrc.local:8443/app/TA-developer/@go?sid=scheduler_dG9ueS5zYW50aQ_VEEtZGV2ZWxvcGVy__RMD58bd5d5548f304738_at_1550173500_49360_1602E6BF-15B0-4DB0-9228-4B19292C9C13',
  app: 'TA-developer',
  search_name: 'SelfHealing WebHook',
  result:
   { splunk_server_group: '',
     source: 'WinEventLog:VUHL',
     _eventtype_color: 'none',
     eventtype: 'wineventlog_windows',
     'tag::eventtype': '',
     _serial: '0',
     host: 'uat-ss-myvuprx1',
     punct:
      '//_::_\\r=\\r=\\r=\\r=\\r=\\r=--....\\r=%\\r=\\r=\\r=\\r=_--_::,__.._-__',
     _bkt: 'dev~951~AD424DCA-71AA-4553-9CA8-B590897652AE',
     status: '',
     app: '',
     OpCode: 'Info',
     'tag::app': '',
     SourceName: 'MyVuApi',
     LogName: 'VUHL',
     _cd: '951:527438261',
     TaskCategory: '%1',
     vendor: '',
     linecount: '12',
     change_type: '',
     EventCode: '0',
     dest: [ 'uat-ss-myvuprx1.vuhl.root.mrc.local' ],
     Evt_Time: '02/14/2019 01:40:41 PM',
     _si: [ 'kcdc-so-index1.vuhl.root.mrc.local', 'dev' ],
     RecordNumber: '453100',
     ComputerName: 'uat-ss-myvuprx1.vuhl.root.mrc.local',
     EventCodeDescription: '',
     EventType: '4',
     range: '',
     'tag::host': '',
     _time: '1550173241',
     _indextime: '1550173241',
     splunk_server: 'kcdc-so-index1.vuhl.root.mrc.local',
     Message:
      'INFO 2019-02-14 13:40:41,776 8 MyVuApi.Services.CrmService - CrmCoreServiceSyncFailure during Enrollment, SelfHealing: {"Url":"/account/updateUser/19159","HttpMethod":"PATCH","JsonPayLoad":"{\\"username\\":\\"enrollment@regression.com\\"}","JsonHeaders":null,"JsonFailureStack":null}',
     _sourcetype: 'WinEventLog:VUHL',
     Type: 'Information',
     index: 'dev',
     product: '',
     sourcetype: 'WinEventLog:VUHL',
     _raw:
      '02/14/2019 01:40:41 PM\nLogName=VUHL\nSourceName=MyVuApi\nEventCode=0\nEventType=4\nType=Information\nComputerName=uat-ss-myvuprx1.vuhl.root.mrc.local\nTaskCategory=%1\nOpCode=Info\nRecordNumber=453100\nKeywords=Classic\nMessage=INFO 2019-02-14 13:40:41,776 8 MyVuApi.Services.CrmService - CrmCoreServiceSyncFailure during Enrollment, SelfHealing: {"Url":"/account/updateUser/19159","HttpMethod":"PATCH","JsonPayLoad":"{\\"username\\":\\"enrollment@regression.com\\"}","JsonHeaders":null,"JsonFailureStack":null}',
     Keywords: 'Classic',
     tag: '',
     ids_type: '',
     _pre_msg:
      '02/14/2019 01:40:41 PM\nLogName=VUHL\nSourceName=MyVuApi\nEventCode=0\nEventType=4\nType=Information\nComputerName=uat-ss-myvuprx1.vuhl.root.mrc.local\nTaskCategory=%1\nOpCode=Info\nRecordNumber=453100\nKeywords=Classic' } }
